<?xml version="1.0" encoding="UTF-8"?>
<testsuite name="com.exemple.helloworld.HelloWorldTest" tests="1" skipped="0" failures="0" errors="0" timestamp="2022-02-13T18:55:23" hostname="cosmol-mbp" time="0.025">
  <properties/>
  <testcase name="saysHelloWorld()" classname="com.exemple.helloworld.HelloWorldTest" time="0.025"/>
  <system-out><![CDATA[]]></system-out>
  <system-err><![CDATA[]]></system-err>
</testsuite>
